Determining if the pthread_create exist failed with the following output:
Change Dir: /home/lex/nubot_ws/build/CMakeFiles/CMakeTmp

Run Build Command:"/usr/bin/make" "cmTC_15408/fast"
/usr/bin/make -f CMakeFiles/cmTC_15408.dir/build.make CMakeFiles/cmTC_15408.dir/build
make[1]: Entering directory '/home/lex/nubot_ws/build/CMakeFiles/CMakeTmp'
Building C object CMakeFiles/cmTC_15408.dir/CheckSymbolExists.c.o
/usr/bin/cc    -o CMakeFiles/cmTC_15408.dir/CheckSymbolExists.c.o   -c /home/lex/nubot_ws/build/CMakeFiles/CMakeTmp/CheckSymbolExists.c
Linking C executable cmTC_15408
/usr/local/bin/cmake -E cmake_link_script CMakeFiles/cmTC_15408.dir/link.txt --verbose=1
/usr/bin/cc      -rdynamic CMakeFiles/cmTC_15408.dir/CheckSymbolExists.c.o  -o cmTC_15408 
CMakeFiles/cmTC_15408.dir/CheckSymbolExists.c.o：在函数‘main’中：
CheckSymbolExists.c:(.text+0x16)：对‘pthread_create’未定义的引用
collect2: error: ld returned 1 exit status
CMakeFiles/cmTC_15408.dir/build.make:86: recipe for target 'cmTC_15408' failed
make[1]: *** [cmTC_15408] Error 1
make[1]: Leaving directory '/home/lex/nubot_ws/build/CMakeFiles/CMakeTmp'
Makefile:121: recipe for target 'cmTC_15408/fast' failed
make: *** [cmTC_15408/fast] Error 2

File /home/lex/nubot_ws/build/CMakeFiles/CMakeTmp/CheckSymbolExists.c:
/* */
#include <pthread.h>

int main(int argc, char** argv)
{
  (void)argv;
#ifndef pthread_create
  return ((int*)(&pthread_create))[argc];
#else
  (void)argc;
  return 0;
#endif
}

Determining if the function pthread_create exists in the pthreads failed with the following output:
Change Dir: /home/lex/nubot_ws/build/CMakeFiles/CMakeTmp

Run Build Command:"/usr/bin/make" "cmTC_0c89c/fast"
/usr/bin/make -f CMakeFiles/cmTC_0c89c.dir/build.make CMakeFiles/cmTC_0c89c.dir/build
make[1]: Entering directory '/home/lex/nubot_ws/build/CMakeFiles/CMakeTmp'
Building C object CMakeFiles/cmTC_0c89c.dir/CheckFunctionExists.c.o
/usr/bin/cc   -DCHECK_FUNCTION_EXISTS=pthread_create   -o CMakeFiles/cmTC_0c89c.dir/CheckFunctionExists.c.o   -c /usr/local/share/cmake-3.12/Modules/CheckFunctionExists.c
Linking C executable cmTC_0c89c
/usr/local/bin/cmake -E cmake_link_script CMakeFiles/cmTC_0c89c.dir/link.txt --verbose=1
/usr/bin/cc  -DCHECK_FUNCTION_EXISTS=pthread_create    -rdynamic CMakeFiles/cmTC_0c89c.dir/CheckFunctionExists.c.o  -o cmTC_0c89c -lpthreads 
/usr/bin/ld: 找不到 -lpthreads
collect2: error: ld returned 1 exit status
CMakeFiles/cmTC_0c89c.dir/build.make:86: recipe for target 'cmTC_0c89c' failed
make[1]: *** [cmTC_0c89c] Error 1
make[1]: Leaving directory '/home/lex/nubot_ws/build/CMakeFiles/CMakeTmp'
Makefile:121: recipe for target 'cmTC_0c89c/fast' failed
make: *** [cmTC_0c89c/fast] Error 2


